[2022-06-22 20:16:53,288] {processor.py:163} INFO - Started process (PID=262) to work on /opt/airflow/dags/airflow_dag.py
[2022-06-22 20:16:53,292] {processor.py:642} INFO - Processing file /opt/airflow/dags/airflow_dag.py for tasks to queue
[2022-06-22 20:16:53,294] {logging_mixin.py:109} INFO - [2022-06-22 20:16:53,294] {dagbag.py:500} INFO - Filling up the DagBag from /opt/airflow/dags/airflow_dag.py
[2022-06-22 20:16:56,376] {processor.py:654} INFO - DAG(s) dict_keys(['commitment_of_traders']) retrieved from /opt/airflow/dags/airflow_dag.py
[2022-06-22 20:17:16,343] {logging_mixin.py:109} INFO - [2022-06-22 20:17:16,343] {manager.py:496} INFO - Created Permission View: can read on DAG:commitment_of_traders
[2022-06-22 20:17:16,366] {logging_mixin.py:109} INFO - [2022-06-22 20:17:16,365] {manager.py:496} INFO - Created Permission View: can edit on DAG:commitment_of_traders
[2022-06-22 20:17:16,368] {logging_mixin.py:109} INFO - [2022-06-22 20:17:16,367] {dag.py:2396} INFO - Sync 1 DAGs
[2022-06-22 20:17:16,394] {logging_mixin.py:109} INFO - [2022-06-22 20:17:16,393] {dag.py:2415} INFO - Creating ORM DAG for commitment_of_traders
[2022-06-22 20:17:16,431] {logging_mixin.py:109} INFO - [2022-06-22 20:17:16,431] {dag.py:2935} INFO - Setting next_dagrun for commitment_of_traders to 2022-06-11 00:00:00+00:00
[2022-06-22 20:17:16,468] {processor.py:171} INFO - Processing /opt/airflow/dags/airflow_dag.py took 23.188 seconds
[2022-06-22 20:17:46,918] {processor.py:163} INFO - Started process (PID=320) to work on /opt/airflow/dags/airflow_dag.py
[2022-06-22 20:17:46,929] {processor.py:642} INFO - Processing file /opt/airflow/dags/airflow_dag.py for tasks to queue
[2022-06-22 20:17:46,932] {logging_mixin.py:109} INFO - [2022-06-22 20:17:46,932] {dagbag.py:500} INFO - Filling up the DagBag from /opt/airflow/dags/airflow_dag.py
[2022-06-22 20:17:48,425] {processor.py:654} INFO - DAG(s) dict_keys(['commitment_of_traders']) retrieved from /opt/airflow/dags/airflow_dag.py
[2022-06-22 20:17:48,489] {logging_mixin.py:109} INFO - [2022-06-22 20:17:48,488] {dag.py:2396} INFO - Sync 1 DAGs
[2022-06-22 20:17:48,584] {logging_mixin.py:109} INFO - [2022-06-22 20:17:48,583] {dag.py:2935} INFO - Setting next_dagrun for commitment_of_traders to 2022-06-11 00:00:00+00:00
[2022-06-22 20:17:48,622] {processor.py:171} INFO - Processing /opt/airflow/dags/airflow_dag.py took 1.724 seconds
[2022-06-22 20:18:18,894] {processor.py:163} INFO - Started process (PID=344) to work on /opt/airflow/dags/airflow_dag.py
[2022-06-22 20:18:18,899] {processor.py:642} INFO - Processing file /opt/airflow/dags/airflow_dag.py for tasks to queue
[2022-06-22 20:18:18,901] {logging_mixin.py:109} INFO - [2022-06-22 20:18:18,901] {dagbag.py:500} INFO - Filling up the DagBag from /opt/airflow/dags/airflow_dag.py
[2022-06-22 20:18:19,860] {processor.py:654} INFO - DAG(s) dict_keys(['commitment_of_traders']) retrieved from /opt/airflow/dags/airflow_dag.py
[2022-06-22 20:18:19,896] {logging_mixin.py:109} INFO - [2022-06-22 20:18:19,895] {dag.py:2396} INFO - Sync 1 DAGs
[2022-06-22 20:18:19,947] {logging_mixin.py:109} INFO - [2022-06-22 20:18:19,947] {dag.py:2935} INFO - Setting next_dagrun for commitment_of_traders to 2022-06-11 00:00:00+00:00
[2022-06-22 20:18:19,967] {processor.py:171} INFO - Processing /opt/airflow/dags/airflow_dag.py took 1.080 seconds
[2022-06-22 20:18:50,227] {processor.py:163} INFO - Started process (PID=385) to work on /opt/airflow/dags/airflow_dag.py
[2022-06-22 20:18:50,231] {processor.py:642} INFO - Processing file /opt/airflow/dags/airflow_dag.py for tasks to queue
[2022-06-22 20:18:50,234] {logging_mixin.py:109} INFO - [2022-06-22 20:18:50,234] {dagbag.py:500} INFO - Filling up the DagBag from /opt/airflow/dags/airflow_dag.py
[2022-06-22 20:18:51,359] {processor.py:654} INFO - DAG(s) dict_keys(['commitment_of_traders']) retrieved from /opt/airflow/dags/airflow_dag.py
[2022-06-22 20:18:51,399] {logging_mixin.py:109} INFO - [2022-06-22 20:18:51,398] {dag.py:2396} INFO - Sync 1 DAGs
[2022-06-22 20:18:51,461] {logging_mixin.py:109} INFO - [2022-06-22 20:18:51,461] {dag.py:2935} INFO - Setting next_dagrun for commitment_of_traders to 2022-06-11 00:00:00+00:00
[2022-06-22 20:18:51,489] {processor.py:171} INFO - Processing /opt/airflow/dags/airflow_dag.py took 1.270 seconds
[2022-06-22 20:19:21,692] {processor.py:163} INFO - Started process (PID=420) to work on /opt/airflow/dags/airflow_dag.py
[2022-06-22 20:19:21,696] {processor.py:642} INFO - Processing file /opt/airflow/dags/airflow_dag.py for tasks to queue
[2022-06-22 20:19:21,699] {logging_mixin.py:109} INFO - [2022-06-22 20:19:21,698] {dagbag.py:500} INFO - Filling up the DagBag from /opt/airflow/dags/airflow_dag.py
[2022-06-22 20:19:22,791] {processor.py:654} INFO - DAG(s) dict_keys(['commitment_of_traders']) retrieved from /opt/airflow/dags/airflow_dag.py
[2022-06-22 20:19:22,830] {logging_mixin.py:109} INFO - [2022-06-22 20:19:22,829] {dag.py:2396} INFO - Sync 1 DAGs
[2022-06-22 20:19:22,887] {logging_mixin.py:109} INFO - [2022-06-22 20:19:22,887] {dag.py:2935} INFO - Setting next_dagrun for commitment_of_traders to 2022-06-11 00:00:00+00:00
[2022-06-22 20:19:22,909] {processor.py:171} INFO - Processing /opt/airflow/dags/airflow_dag.py took 1.224 seconds
[2022-06-22 20:54:06,578] {processor.py:163} INFO - Started process (PID=264) to work on /opt/airflow/dags/airflow_dag.py
[2022-06-22 20:54:06,583] {processor.py:642} INFO - Processing file /opt/airflow/dags/airflow_dag.py for tasks to queue
[2022-06-22 20:54:06,587] {logging_mixin.py:109} INFO - [2022-06-22 20:54:06,586] {dagbag.py:500} INFO - Filling up the DagBag from /opt/airflow/dags/airflow_dag.py
[2022-06-22 20:54:09,567] {processor.py:654} INFO - DAG(s) dict_keys(['commitment_of_traders']) retrieved from /opt/airflow/dags/airflow_dag.py
[2022-06-22 20:54:09,610] {logging_mixin.py:109} INFO - [2022-06-22 20:54:09,609] {dag.py:2396} INFO - Sync 1 DAGs
[2022-06-22 20:54:09,670] {logging_mixin.py:109} INFO - [2022-06-22 20:54:09,669] {dag.py:2935} INFO - Setting next_dagrun for commitment_of_traders to 2022-06-11 00:00:00+00:00
[2022-06-22 20:54:09,694] {processor.py:171} INFO - Processing /opt/airflow/dags/airflow_dag.py took 3.123 seconds
[2022-06-22 20:54:40,016] {processor.py:163} INFO - Started process (PID=304) to work on /opt/airflow/dags/airflow_dag.py
[2022-06-22 20:54:40,025] {processor.py:642} INFO - Processing file /opt/airflow/dags/airflow_dag.py for tasks to queue
[2022-06-22 20:54:40,028] {logging_mixin.py:109} INFO - [2022-06-22 20:54:40,028] {dagbag.py:500} INFO - Filling up the DagBag from /opt/airflow/dags/airflow_dag.py
[2022-06-22 20:54:41,637] {processor.py:654} INFO - DAG(s) dict_keys(['commitment_of_traders']) retrieved from /opt/airflow/dags/airflow_dag.py
[2022-06-22 20:54:41,689] {logging_mixin.py:109} INFO - [2022-06-22 20:54:41,688] {dag.py:2396} INFO - Sync 1 DAGs
[2022-06-22 20:54:41,814] {logging_mixin.py:109} INFO - [2022-06-22 20:54:41,813] {dag.py:2935} INFO - Setting next_dagrun for commitment_of_traders to 2022-06-11 00:00:00+00:00
[2022-06-22 20:54:41,863] {processor.py:171} INFO - Processing /opt/airflow/dags/airflow_dag.py took 1.861 seconds
[2022-06-22 20:55:12,134] {processor.py:163} INFO - Started process (PID=325) to work on /opt/airflow/dags/airflow_dag.py
[2022-06-22 20:55:12,138] {processor.py:642} INFO - Processing file /opt/airflow/dags/airflow_dag.py for tasks to queue
[2022-06-22 20:55:12,140] {logging_mixin.py:109} INFO - [2022-06-22 20:55:12,140] {dagbag.py:500} INFO - Filling up the DagBag from /opt/airflow/dags/airflow_dag.py
[2022-06-22 20:55:13,119] {processor.py:654} INFO - DAG(s) dict_keys(['commitment_of_traders']) retrieved from /opt/airflow/dags/airflow_dag.py
[2022-06-22 20:55:13,155] {logging_mixin.py:109} INFO - [2022-06-22 20:55:13,154] {dag.py:2396} INFO - Sync 1 DAGs
[2022-06-22 20:55:13,206] {logging_mixin.py:109} INFO - [2022-06-22 20:55:13,206] {dag.py:2935} INFO - Setting next_dagrun for commitment_of_traders to 2022-06-11 00:00:00+00:00
[2022-06-22 20:55:13,226] {processor.py:171} INFO - Processing /opt/airflow/dags/airflow_dag.py took 1.101 seconds
[2022-06-22 20:55:43,352] {processor.py:163} INFO - Started process (PID=365) to work on /opt/airflow/dags/airflow_dag.py
[2022-06-22 20:55:43,357] {processor.py:642} INFO - Processing file /opt/airflow/dags/airflow_dag.py for tasks to queue
[2022-06-22 20:55:43,359] {logging_mixin.py:109} INFO - [2022-06-22 20:55:43,359] {dagbag.py:500} INFO - Filling up the DagBag from /opt/airflow/dags/airflow_dag.py
[2022-06-22 20:55:44,397] {processor.py:654} INFO - DAG(s) dict_keys(['commitment_of_traders']) retrieved from /opt/airflow/dags/airflow_dag.py
[2022-06-22 20:55:44,431] {logging_mixin.py:109} INFO - [2022-06-22 20:55:44,430] {dag.py:2396} INFO - Sync 1 DAGs
[2022-06-22 20:55:44,482] {logging_mixin.py:109} INFO - [2022-06-22 20:55:44,482] {dag.py:2935} INFO - Setting next_dagrun for commitment_of_traders to 2022-06-11 00:00:00+00:00
[2022-06-22 20:55:44,502] {processor.py:171} INFO - Processing /opt/airflow/dags/airflow_dag.py took 1.157 seconds
[2022-06-22 20:56:14,703] {processor.py:163} INFO - Started process (PID=406) to work on /opt/airflow/dags/airflow_dag.py
[2022-06-22 20:56:14,707] {processor.py:642} INFO - Processing file /opt/airflow/dags/airflow_dag.py for tasks to queue
[2022-06-22 20:56:14,710] {logging_mixin.py:109} INFO - [2022-06-22 20:56:14,709] {dagbag.py:500} INFO - Filling up the DagBag from /opt/airflow/dags/airflow_dag.py
[2022-06-22 20:56:15,709] {processor.py:654} INFO - DAG(s) dict_keys(['commitment_of_traders']) retrieved from /opt/airflow/dags/airflow_dag.py
[2022-06-22 20:56:15,747] {logging_mixin.py:109} INFO - [2022-06-22 20:56:15,746] {dag.py:2396} INFO - Sync 1 DAGs
[2022-06-22 20:56:15,803] {logging_mixin.py:109} INFO - [2022-06-22 20:56:15,802] {dag.py:2935} INFO - Setting next_dagrun for commitment_of_traders to 2022-06-11 00:00:00+00:00
[2022-06-22 20:56:15,824] {processor.py:171} INFO - Processing /opt/airflow/dags/airflow_dag.py took 1.127 seconds
[2022-06-22 20:56:46,146] {processor.py:163} INFO - Started process (PID=429) to work on /opt/airflow/dags/airflow_dag.py
[2022-06-22 20:56:46,151] {processor.py:642} INFO - Processing file /opt/airflow/dags/airflow_dag.py for tasks to queue
[2022-06-22 20:56:46,153] {logging_mixin.py:109} INFO - [2022-06-22 20:56:46,153] {dagbag.py:500} INFO - Filling up the DagBag from /opt/airflow/dags/airflow_dag.py
[2022-06-22 20:56:47,086] {processor.py:654} INFO - DAG(s) dict_keys(['commitment_of_traders']) retrieved from /opt/airflow/dags/airflow_dag.py
[2022-06-22 20:56:47,123] {logging_mixin.py:109} INFO - [2022-06-22 20:56:47,122] {dag.py:2396} INFO - Sync 1 DAGs
[2022-06-22 20:56:47,175] {logging_mixin.py:109} INFO - [2022-06-22 20:56:47,175] {dag.py:2935} INFO - Setting next_dagrun for commitment_of_traders to 2022-06-11 00:00:00+00:00
[2022-06-22 20:56:47,195] {processor.py:171} INFO - Processing /opt/airflow/dags/airflow_dag.py took 1.055 seconds
[2022-06-22 20:57:17,598] {processor.py:163} INFO - Started process (PID=470) to work on /opt/airflow/dags/airflow_dag.py
[2022-06-22 20:57:17,602] {processor.py:642} INFO - Processing file /opt/airflow/dags/airflow_dag.py for tasks to queue
[2022-06-22 20:57:17,605] {logging_mixin.py:109} INFO - [2022-06-22 20:57:17,605] {dagbag.py:500} INFO - Filling up the DagBag from /opt/airflow/dags/airflow_dag.py
[2022-06-22 20:57:18,604] {processor.py:654} INFO - DAG(s) dict_keys(['commitment_of_traders']) retrieved from /opt/airflow/dags/airflow_dag.py
[2022-06-22 20:57:18,638] {logging_mixin.py:109} INFO - [2022-06-22 20:57:18,637] {dag.py:2396} INFO - Sync 1 DAGs
[2022-06-22 20:57:18,689] {logging_mixin.py:109} INFO - [2022-06-22 20:57:18,689] {dag.py:2935} INFO - Setting next_dagrun for commitment_of_traders to 2022-06-11 00:00:00+00:00
[2022-06-22 20:57:18,708] {processor.py:171} INFO - Processing /opt/airflow/dags/airflow_dag.py took 1.117 seconds
[2022-06-22 20:57:49,140] {processor.py:163} INFO - Started process (PID=511) to work on /opt/airflow/dags/airflow_dag.py
[2022-06-22 20:57:49,145] {processor.py:642} INFO - Processing file /opt/airflow/dags/airflow_dag.py for tasks to queue
[2022-06-22 20:57:49,147] {logging_mixin.py:109} INFO - [2022-06-22 20:57:49,147] {dagbag.py:500} INFO - Filling up the DagBag from /opt/airflow/dags/airflow_dag.py
[2022-06-22 20:57:50,185] {processor.py:654} INFO - DAG(s) dict_keys(['commitment_of_traders']) retrieved from /opt/airflow/dags/airflow_dag.py
[2022-06-22 20:57:50,226] {logging_mixin.py:109} INFO - [2022-06-22 20:57:50,225] {dag.py:2396} INFO - Sync 1 DAGs
[2022-06-22 20:57:50,299] {logging_mixin.py:109} INFO - [2022-06-22 20:57:50,298] {dag.py:2935} INFO - Setting next_dagrun for commitment_of_traders to 2022-06-11 00:00:00+00:00
[2022-06-22 20:57:50,323] {processor.py:171} INFO - Processing /opt/airflow/dags/airflow_dag.py took 1.188 seconds
[2022-06-22 20:58:20,656] {processor.py:163} INFO - Started process (PID=535) to work on /opt/airflow/dags/airflow_dag.py
[2022-06-22 20:58:20,660] {processor.py:642} INFO - Processing file /opt/airflow/dags/airflow_dag.py for tasks to queue
[2022-06-22 20:58:20,662] {logging_mixin.py:109} INFO - [2022-06-22 20:58:20,662] {dagbag.py:500} INFO - Filling up the DagBag from /opt/airflow/dags/airflow_dag.py
[2022-06-22 20:58:21,599] {processor.py:654} INFO - DAG(s) dict_keys(['commitment_of_traders']) retrieved from /opt/airflow/dags/airflow_dag.py
[2022-06-22 20:58:21,634] {logging_mixin.py:109} INFO - [2022-06-22 20:58:21,633] {dag.py:2396} INFO - Sync 1 DAGs
[2022-06-22 20:58:21,685] {logging_mixin.py:109} INFO - [2022-06-22 20:58:21,685] {dag.py:2935} INFO - Setting next_dagrun for commitment_of_traders to 2022-06-11 00:00:00+00:00
[2022-06-22 20:58:21,704] {processor.py:171} INFO - Processing /opt/airflow/dags/airflow_dag.py took 1.054 seconds
[2022-06-22 20:58:52,116] {processor.py:163} INFO - Started process (PID=575) to work on /opt/airflow/dags/airflow_dag.py
[2022-06-22 20:58:52,120] {processor.py:642} INFO - Processing file /opt/airflow/dags/airflow_dag.py for tasks to queue
[2022-06-22 20:58:52,123] {logging_mixin.py:109} INFO - [2022-06-22 20:58:52,123] {dagbag.py:500} INFO - Filling up the DagBag from /opt/airflow/dags/airflow_dag.py
[2022-06-22 20:58:53,102] {processor.py:654} INFO - DAG(s) dict_keys(['commitment_of_traders']) retrieved from /opt/airflow/dags/airflow_dag.py
[2022-06-22 20:58:53,145] {logging_mixin.py:109} INFO - [2022-06-22 20:58:53,144] {dag.py:2396} INFO - Sync 1 DAGs
[2022-06-22 20:58:53,198] {logging_mixin.py:109} INFO - [2022-06-22 20:58:53,197] {dag.py:2935} INFO - Setting next_dagrun for commitment_of_traders to 2022-06-11 00:00:00+00:00
[2022-06-22 20:58:53,218] {processor.py:171} INFO - Processing /opt/airflow/dags/airflow_dag.py took 1.108 seconds
[2022-06-22 20:59:23,520] {processor.py:163} INFO - Started process (PID=616) to work on /opt/airflow/dags/airflow_dag.py
[2022-06-22 20:59:23,524] {processor.py:642} INFO - Processing file /opt/airflow/dags/airflow_dag.py for tasks to queue
[2022-06-22 20:59:23,526] {logging_mixin.py:109} INFO - [2022-06-22 20:59:23,526] {dagbag.py:500} INFO - Filling up the DagBag from /opt/airflow/dags/airflow_dag.py
[2022-06-22 20:59:24,620] {processor.py:654} INFO - DAG(s) dict_keys(['commitment_of_traders']) retrieved from /opt/airflow/dags/airflow_dag.py
[2022-06-22 20:59:24,659] {logging_mixin.py:109} INFO - [2022-06-22 20:59:24,658] {dag.py:2396} INFO - Sync 1 DAGs
[2022-06-22 20:59:24,714] {logging_mixin.py:109} INFO - [2022-06-22 20:59:24,714] {dag.py:2935} INFO - Setting next_dagrun for commitment_of_traders to 2022-06-11 00:00:00+00:00
[2022-06-22 20:59:24,736] {processor.py:171} INFO - Processing /opt/airflow/dags/airflow_dag.py took 1.224 seconds
[2022-06-22 20:59:55,064] {processor.py:163} INFO - Started process (PID=640) to work on /opt/airflow/dags/airflow_dag.py
[2022-06-22 20:59:55,069] {processor.py:642} INFO - Processing file /opt/airflow/dags/airflow_dag.py for tasks to queue
[2022-06-22 20:59:55,073] {logging_mixin.py:109} INFO - [2022-06-22 20:59:55,072] {dagbag.py:500} INFO - Filling up the DagBag from /opt/airflow/dags/airflow_dag.py
[2022-06-22 20:59:55,984] {processor.py:654} INFO - DAG(s) dict_keys(['commitment_of_traders']) retrieved from /opt/airflow/dags/airflow_dag.py
[2022-06-22 20:59:56,018] {logging_mixin.py:109} INFO - [2022-06-22 20:59:56,018] {dag.py:2396} INFO - Sync 1 DAGs
[2022-06-22 20:59:56,070] {logging_mixin.py:109} INFO - [2022-06-22 20:59:56,070] {dag.py:2935} INFO - Setting next_dagrun for commitment_of_traders to 2022-06-11 00:00:00+00:00
[2022-06-22 20:59:56,090] {processor.py:171} INFO - Processing /opt/airflow/dags/airflow_dag.py took 1.035 seconds
[2022-06-22 21:00:26,477] {processor.py:163} INFO - Started process (PID=681) to work on /opt/airflow/dags/airflow_dag.py
[2022-06-22 21:00:26,481] {processor.py:642} INFO - Processing file /opt/airflow/dags/airflow_dag.py for tasks to queue
[2022-06-22 21:00:26,484] {logging_mixin.py:109} INFO - [2022-06-22 21:00:26,484] {dagbag.py:500} INFO - Filling up the DagBag from /opt/airflow/dags/airflow_dag.py
[2022-06-22 21:00:27,787] {processor.py:654} INFO - DAG(s) dict_keys(['commitment_of_traders']) retrieved from /opt/airflow/dags/airflow_dag.py
[2022-06-22 21:00:27,840] {logging_mixin.py:109} INFO - [2022-06-22 21:00:27,839] {dag.py:2396} INFO - Sync 1 DAGs
[2022-06-22 21:00:27,909] {logging_mixin.py:109} INFO - [2022-06-22 21:00:27,909] {dag.py:2935} INFO - Setting next_dagrun for commitment_of_traders to 2022-06-11 00:00:00+00:00
[2022-06-22 21:00:27,942] {processor.py:171} INFO - Processing /opt/airflow/dags/airflow_dag.py took 1.472 seconds
[2022-06-22 21:00:58,217] {processor.py:163} INFO - Started process (PID=720) to work on /opt/airflow/dags/airflow_dag.py
[2022-06-22 21:00:58,221] {processor.py:642} INFO - Processing file /opt/airflow/dags/airflow_dag.py for tasks to queue
[2022-06-22 21:00:58,224] {logging_mixin.py:109} INFO - [2022-06-22 21:00:58,224] {dagbag.py:500} INFO - Filling up the DagBag from /opt/airflow/dags/airflow_dag.py
[2022-06-22 21:00:59,301] {processor.py:654} INFO - DAG(s) dict_keys(['commitment_of_traders']) retrieved from /opt/airflow/dags/airflow_dag.py
[2022-06-22 21:00:59,341] {logging_mixin.py:109} INFO - [2022-06-22 21:00:59,340] {dag.py:2396} INFO - Sync 1 DAGs
[2022-06-22 21:00:59,399] {logging_mixin.py:109} INFO - [2022-06-22 21:00:59,398] {dag.py:2935} INFO - Setting next_dagrun for commitment_of_traders to 2022-06-11 00:00:00+00:00
[2022-06-22 21:00:59,422] {processor.py:171} INFO - Processing /opt/airflow/dags/airflow_dag.py took 1.212 seconds
[2022-06-22 21:01:29,676] {processor.py:163} INFO - Started process (PID=743) to work on /opt/airflow/dags/airflow_dag.py
[2022-06-22 21:01:29,681] {processor.py:642} INFO - Processing file /opt/airflow/dags/airflow_dag.py for tasks to queue
[2022-06-22 21:01:29,684] {logging_mixin.py:109} INFO - [2022-06-22 21:01:29,684] {dagbag.py:500} INFO - Filling up the DagBag from /opt/airflow/dags/airflow_dag.py
[2022-06-22 21:01:30,579] {processor.py:654} INFO - DAG(s) dict_keys(['commitment_of_traders']) retrieved from /opt/airflow/dags/airflow_dag.py
[2022-06-22 21:01:30,613] {logging_mixin.py:109} INFO - [2022-06-22 21:01:30,613] {dag.py:2396} INFO - Sync 1 DAGs
[2022-06-22 21:01:30,664] {logging_mixin.py:109} INFO - [2022-06-22 21:01:30,664] {dag.py:2935} INFO - Setting next_dagrun for commitment_of_traders to 2022-06-11 00:00:00+00:00
[2022-06-22 21:01:30,683] {processor.py:171} INFO - Processing /opt/airflow/dags/airflow_dag.py took 1.016 seconds
[2022-06-22 21:02:00,978] {processor.py:163} INFO - Started process (PID=783) to work on /opt/airflow/dags/airflow_dag.py
[2022-06-22 21:02:00,982] {processor.py:642} INFO - Processing file /opt/airflow/dags/airflow_dag.py for tasks to queue
[2022-06-22 21:02:00,985] {logging_mixin.py:109} INFO - [2022-06-22 21:02:00,984] {dagbag.py:500} INFO - Filling up the DagBag from /opt/airflow/dags/airflow_dag.py
[2022-06-22 21:02:02,038] {processor.py:654} INFO - DAG(s) dict_keys(['commitment_of_traders']) retrieved from /opt/airflow/dags/airflow_dag.py
[2022-06-22 21:02:02,076] {logging_mixin.py:109} INFO - [2022-06-22 21:02:02,075] {dag.py:2396} INFO - Sync 1 DAGs
[2022-06-22 21:02:02,132] {logging_mixin.py:109} INFO - [2022-06-22 21:02:02,132] {dag.py:2935} INFO - Setting next_dagrun for commitment_of_traders to 2022-06-11 00:00:00+00:00
[2022-06-22 21:02:02,161] {processor.py:171} INFO - Processing /opt/airflow/dags/airflow_dag.py took 1.189 seconds
[2022-06-22 21:02:32,439] {processor.py:163} INFO - Started process (PID=823) to work on /opt/airflow/dags/airflow_dag.py
[2022-06-22 21:02:32,443] {processor.py:642} INFO - Processing file /opt/airflow/dags/airflow_dag.py for tasks to queue
[2022-06-22 21:02:32,445] {logging_mixin.py:109} INFO - [2022-06-22 21:02:32,445] {dagbag.py:500} INFO - Filling up the DagBag from /opt/airflow/dags/airflow_dag.py
[2022-06-22 21:02:33,435] {processor.py:654} INFO - DAG(s) dict_keys(['commitment_of_traders']) retrieved from /opt/airflow/dags/airflow_dag.py
[2022-06-22 21:02:33,474] {logging_mixin.py:109} INFO - [2022-06-22 21:02:33,473] {dag.py:2396} INFO - Sync 1 DAGs
[2022-06-22 21:02:33,530] {logging_mixin.py:109} INFO - [2022-06-22 21:02:33,530] {dag.py:2935} INFO - Setting next_dagrun for commitment_of_traders to 2022-06-11 00:00:00+00:00
[2022-06-22 21:02:33,552] {processor.py:171} INFO - Processing /opt/airflow/dags/airflow_dag.py took 1.119 seconds
[2022-06-22 21:03:03,895] {processor.py:163} INFO - Started process (PID=847) to work on /opt/airflow/dags/airflow_dag.py
[2022-06-22 21:03:03,900] {processor.py:642} INFO - Processing file /opt/airflow/dags/airflow_dag.py for tasks to queue
[2022-06-22 21:03:03,903] {logging_mixin.py:109} INFO - [2022-06-22 21:03:03,902] {dagbag.py:500} INFO - Filling up the DagBag from /opt/airflow/dags/airflow_dag.py
[2022-06-22 21:03:04,805] {processor.py:654} INFO - DAG(s) dict_keys(['commitment_of_traders']) retrieved from /opt/airflow/dags/airflow_dag.py
[2022-06-22 21:03:04,839] {logging_mixin.py:109} INFO - [2022-06-22 21:03:04,839] {dag.py:2396} INFO - Sync 1 DAGs
[2022-06-22 21:03:04,893] {logging_mixin.py:109} INFO - [2022-06-22 21:03:04,893] {dag.py:2935} INFO - Setting next_dagrun for commitment_of_traders to 2022-06-11 00:00:00+00:00
[2022-06-22 21:03:04,914] {processor.py:171} INFO - Processing /opt/airflow/dags/airflow_dag.py took 1.027 seconds
[2022-06-22 21:03:35,327] {processor.py:163} INFO - Started process (PID=887) to work on /opt/airflow/dags/airflow_dag.py
[2022-06-22 21:03:35,331] {processor.py:642} INFO - Processing file /opt/airflow/dags/airflow_dag.py for tasks to queue
[2022-06-22 21:03:35,333] {logging_mixin.py:109} INFO - [2022-06-22 21:03:35,333] {dagbag.py:500} INFO - Filling up the DagBag from /opt/airflow/dags/airflow_dag.py
[2022-06-22 21:03:36,370] {processor.py:654} INFO - DAG(s) dict_keys(['commitment_of_traders']) retrieved from /opt/airflow/dags/airflow_dag.py
[2022-06-22 21:03:36,406] {logging_mixin.py:109} INFO - [2022-06-22 21:03:36,405] {dag.py:2396} INFO - Sync 1 DAGs
[2022-06-22 21:03:36,458] {logging_mixin.py:109} INFO - [2022-06-22 21:03:36,458] {dag.py:2935} INFO - Setting next_dagrun for commitment_of_traders to 2022-06-11 00:00:00+00:00
[2022-06-22 21:03:36,477] {processor.py:171} INFO - Processing /opt/airflow/dags/airflow_dag.py took 1.156 seconds
[2022-06-22 21:04:06,752] {processor.py:163} INFO - Started process (PID=927) to work on /opt/airflow/dags/airflow_dag.py
[2022-06-22 21:04:06,756] {processor.py:642} INFO - Processing file /opt/airflow/dags/airflow_dag.py for tasks to queue
[2022-06-22 21:04:06,759] {logging_mixin.py:109} INFO - [2022-06-22 21:04:06,758] {dagbag.py:500} INFO - Filling up the DagBag from /opt/airflow/dags/airflow_dag.py
[2022-06-22 21:04:07,818] {processor.py:654} INFO - DAG(s) dict_keys(['commitment_of_traders']) retrieved from /opt/airflow/dags/airflow_dag.py
[2022-06-22 21:04:07,857] {logging_mixin.py:109} INFO - [2022-06-22 21:04:07,856] {dag.py:2396} INFO - Sync 1 DAGs
[2022-06-22 21:04:07,913] {logging_mixin.py:109} INFO - [2022-06-22 21:04:07,912] {dag.py:2935} INFO - Setting next_dagrun for commitment_of_traders to 2022-06-11 00:00:00+00:00
[2022-06-22 21:04:07,935] {processor.py:171} INFO - Processing /opt/airflow/dags/airflow_dag.py took 1.190 seconds
[2022-06-22 21:04:38,337] {processor.py:163} INFO - Started process (PID=950) to work on /opt/airflow/dags/airflow_dag.py
[2022-06-22 21:04:38,342] {processor.py:642} INFO - Processing file /opt/airflow/dags/airflow_dag.py for tasks to queue
[2022-06-22 21:04:38,345] {logging_mixin.py:109} INFO - [2022-06-22 21:04:38,344] {dagbag.py:500} INFO - Filling up the DagBag from /opt/airflow/dags/airflow_dag.py
[2022-06-22 21:04:39,259] {processor.py:654} INFO - DAG(s) dict_keys(['commitment_of_traders']) retrieved from /opt/airflow/dags/airflow_dag.py
[2022-06-22 21:04:39,293] {logging_mixin.py:109} INFO - [2022-06-22 21:04:39,292] {dag.py:2396} INFO - Sync 1 DAGs
[2022-06-22 21:04:39,343] {logging_mixin.py:109} INFO - [2022-06-22 21:04:39,343] {dag.py:2935} INFO - Setting next_dagrun for commitment_of_traders to 2022-06-11 00:00:00+00:00
[2022-06-22 21:04:39,363] {processor.py:171} INFO - Processing /opt/airflow/dags/airflow_dag.py took 1.034 seconds
[2022-06-22 21:05:09,718] {processor.py:163} INFO - Started process (PID=992) to work on /opt/airflow/dags/airflow_dag.py
[2022-06-22 21:05:09,722] {processor.py:642} INFO - Processing file /opt/airflow/dags/airflow_dag.py for tasks to queue
[2022-06-22 21:05:09,725] {logging_mixin.py:109} INFO - [2022-06-22 21:05:09,725] {dagbag.py:500} INFO - Filling up the DagBag from /opt/airflow/dags/airflow_dag.py
[2022-06-22 21:05:10,710] {processor.py:654} INFO - DAG(s) dict_keys(['commitment_of_traders']) retrieved from /opt/airflow/dags/airflow_dag.py
[2022-06-22 21:05:10,744] {logging_mixin.py:109} INFO - [2022-06-22 21:05:10,743] {dag.py:2396} INFO - Sync 1 DAGs
[2022-06-22 21:05:10,794] {logging_mixin.py:109} INFO - [2022-06-22 21:05:10,794] {dag.py:2935} INFO - Setting next_dagrun for commitment_of_traders to 2022-06-11 00:00:00+00:00
[2022-06-22 21:05:10,812] {processor.py:171} INFO - Processing /opt/airflow/dags/airflow_dag.py took 1.102 seconds
[2022-06-22 21:05:41,204] {processor.py:163} INFO - Started process (PID=1033) to work on /opt/airflow/dags/airflow_dag.py
[2022-06-22 21:05:41,208] {processor.py:642} INFO - Processing file /opt/airflow/dags/airflow_dag.py for tasks to queue
[2022-06-22 21:05:41,210] {logging_mixin.py:109} INFO - [2022-06-22 21:05:41,210] {dagbag.py:500} INFO - Filling up the DagBag from /opt/airflow/dags/airflow_dag.py
[2022-06-22 21:05:42,213] {processor.py:654} INFO - DAG(s) dict_keys(['commitment_of_traders']) retrieved from /opt/airflow/dags/airflow_dag.py
[2022-06-22 21:05:42,251] {logging_mixin.py:109} INFO - [2022-06-22 21:05:42,250] {dag.py:2396} INFO - Sync 1 DAGs
[2022-06-22 21:05:42,310] {logging_mixin.py:109} INFO - [2022-06-22 21:05:42,309] {dag.py:2935} INFO - Setting next_dagrun for commitment_of_traders to 2022-06-11 00:00:00+00:00
[2022-06-22 21:05:42,332] {processor.py:171} INFO - Processing /opt/airflow/dags/airflow_dag.py took 1.134 seconds
[2022-06-22 21:06:12,669] {processor.py:163} INFO - Started process (PID=1056) to work on /opt/airflow/dags/airflow_dag.py
[2022-06-22 21:06:12,672] {processor.py:642} INFO - Processing file /opt/airflow/dags/airflow_dag.py for tasks to queue
[2022-06-22 21:06:12,675] {logging_mixin.py:109} INFO - [2022-06-22 21:06:12,674] {dagbag.py:500} INFO - Filling up the DagBag from /opt/airflow/dags/airflow_dag.py
[2022-06-22 21:06:13,570] {processor.py:654} INFO - DAG(s) dict_keys(['commitment_of_traders']) retrieved from /opt/airflow/dags/airflow_dag.py
[2022-06-22 21:06:13,606] {logging_mixin.py:109} INFO - [2022-06-22 21:06:13,605] {dag.py:2396} INFO - Sync 1 DAGs
[2022-06-22 21:06:13,656] {logging_mixin.py:109} INFO - [2022-06-22 21:06:13,656] {dag.py:2935} INFO - Setting next_dagrun for commitment_of_traders to 2022-06-11 00:00:00+00:00
[2022-06-22 21:06:13,675] {processor.py:171} INFO - Processing /opt/airflow/dags/airflow_dag.py took 1.013 seconds
[2022-06-22 21:06:44,087] {processor.py:163} INFO - Started process (PID=1094) to work on /opt/airflow/dags/airflow_dag.py
[2022-06-22 21:06:44,091] {processor.py:642} INFO - Processing file /opt/airflow/dags/airflow_dag.py for tasks to queue
[2022-06-22 21:06:44,094] {logging_mixin.py:109} INFO - [2022-06-22 21:06:44,093] {dagbag.py:500} INFO - Filling up the DagBag from /opt/airflow/dags/airflow_dag.py
[2022-06-22 21:06:44,993] {processor.py:654} INFO - DAG(s) dict_keys(['commitment_of_traders']) retrieved from /opt/airflow/dags/airflow_dag.py
[2022-06-22 21:06:45,030] {logging_mixin.py:109} INFO - [2022-06-22 21:06:45,029] {dag.py:2396} INFO - Sync 1 DAGs
[2022-06-22 21:06:45,085] {logging_mixin.py:109} INFO - [2022-06-22 21:06:45,085] {dag.py:2935} INFO - Setting next_dagrun for commitment_of_traders to 2022-06-11 00:00:00+00:00
[2022-06-22 21:06:45,105] {processor.py:171} INFO - Processing /opt/airflow/dags/airflow_dag.py took 1.025 seconds
[2022-06-22 21:07:15,570] {processor.py:163} INFO - Started process (PID=1132) to work on /opt/airflow/dags/airflow_dag.py
[2022-06-22 21:07:15,573] {processor.py:642} INFO - Processing file /opt/airflow/dags/airflow_dag.py for tasks to queue
[2022-06-22 21:07:15,575] {logging_mixin.py:109} INFO - [2022-06-22 21:07:15,575] {dagbag.py:500} INFO - Filling up the DagBag from /opt/airflow/dags/airflow_dag.py
[2022-06-22 21:07:16,558] {processor.py:654} INFO - DAG(s) dict_keys(['commitment_of_traders']) retrieved from /opt/airflow/dags/airflow_dag.py
[2022-06-22 21:07:16,598] {logging_mixin.py:109} INFO - [2022-06-22 21:07:16,597] {dag.py:2396} INFO - Sync 1 DAGs
[2022-06-22 21:07:16,654] {logging_mixin.py:109} INFO - [2022-06-22 21:07:16,653] {dag.py:2935} INFO - Setting next_dagrun for commitment_of_traders to 2022-06-11 00:00:00+00:00
[2022-06-22 21:07:16,675] {processor.py:171} INFO - Processing /opt/airflow/dags/airflow_dag.py took 1.111 seconds
